2024-01-29T16:08:48.155-03:00  WARN 18132 --- [EmbarcaderoApp] [HikariPool-1 housekeeper] com.zaxxer.hikari.pool.HikariPool        : HikariPool-1 - Thread starvation or clock leap detected (housekeeper delta=20h24m6s57ms851µs200ns).
2024-01-29T16:12:07.567-03:00 TRACE 18132 --- [EmbarcaderoApp] [http-nio-8080-exec-7] o.s.security.web.FilterChainProxy        : Trying to match request against DefaultSecurityFilterChain [RequestMatcher=any request, Filters=[org.springframework.security.web.session.DisableEncodeUrlFilter@41071941, org.springframework.security.web.context.request.async.WebAsyncManagerIntegrationFilter@23383f28, org.springframework.security.web.context.SecurityContextHolderFilter@e889fd9, org.springframework.web.filter.CorsFilter@45305c06, org.springframework.security.web.authentication.logout.LogoutFilter@d8149fe, com.Embarcadero.demo.auth.jwt.JwtAuthenticationFilter@1585e631, org.springframework.security.web.savedrequest.RequestCacheAwareFilter@6824e91b, org.springframework.security.web.servletapi.SecurityContextHolderAwareRequestFilter@643ec69, org.springframework.security.web.authentication.AnonymousAuthenticationFilter@59320313, org.springframework.security.web.session.SessionManagementFilter@5610f002, org.springframework.security.web.access.ExceptionTranslationFilter@3746fb41, org.springframework.security.web.access.intercept.AuthorizationFilter@62a089c0]] (1/1)
2024-01-29T16:12:07.948-03:00 DEBUG 18132 --- [EmbarcaderoApp] [http-nio-8080-exec-7] o.s.security.web.FilterChainProxy        : Securing GET /matriculas/
2024-01-29T16:12:07.948-03:00 TRACE 18132 --- [EmbarcaderoApp] [http-nio-8080-exec-7] o.s.security.web.FilterChainProxy        : Invoking DisableEncodeUrlFilter (1/12)
2024-01-29T16:12:07.949-03:00 TRACE 18132 --- [EmbarcaderoApp] [http-nio-8080-exec-7] o.s.security.web.FilterChainProxy        : Invoking WebAsyncManagerIntegrationFilter (2/12)
2024-01-29T16:12:07.971-03:00 TRACE 18132 --- [EmbarcaderoApp] [http-nio-8080-exec-7] o.s.security.web.FilterChainProxy        : Invoking SecurityContextHolderFilter (3/12)
2024-01-29T16:12:07.975-03:00 TRACE 18132 --- [EmbarcaderoApp] [http-nio-8080-exec-7] o.s.security.web.FilterChainProxy        : Invoking CorsFilter (4/12)
2024-01-29T16:12:07.979-03:00 TRACE 18132 --- [EmbarcaderoApp] [http-nio-8080-exec-7] o.s.security.web.FilterChainProxy        : Invoking LogoutFilter (5/12)
2024-01-29T16:12:07.981-03:00 TRACE 18132 --- [EmbarcaderoApp] [http-nio-8080-exec-7] o.s.s.w.a.logout.LogoutFilter            : Did not match request to Or [Ant [pattern='/logout', GET], Ant [pattern='/logout', POST], Ant [pattern='/logout', PUT], Ant [pattern='/logout', DELETE]]
2024-01-29T16:12:07.982-03:00 TRACE 18132 --- [EmbarcaderoApp] [http-nio-8080-exec-7] o.s.security.web.FilterChainProxy        : Invoking JwtAuthenticationFilter (6/12)
2024-01-29T16:12:07.984-03:00 TRACE 18132 --- [EmbarcaderoApp] [http-nio-8080-exec-7] o.s.security.web.FilterChainProxy        : Invoking RequestCacheAwareFilter (7/12)
2024-01-29T16:12:07.984-03:00 TRACE 18132 --- [EmbarcaderoApp] [http-nio-8080-exec-7] o.s.security.web.FilterChainProxy        : Invoking SecurityContextHolderAwareRequestFilter (8/12)
2024-01-29T16:12:07.984-03:00 TRACE 18132 --- [EmbarcaderoApp] [http-nio-8080-exec-7] o.s.security.web.FilterChainProxy        : Invoking AnonymousAuthenticationFilter (9/12)
2024-01-29T16:12:07.985-03:00 TRACE 18132 --- [EmbarcaderoApp] [http-nio-8080-exec-7] o.s.security.web.FilterChainProxy        : Invoking SessionManagementFilter (10/12)
2024-01-29T16:12:07.985-03:00 TRACE 18132 --- [EmbarcaderoApp] [http-nio-8080-exec-7] .s.s.w.c.SupplierDeferredSecurityContext : Created SecurityContextImpl [Null authentication]
2024-01-29T16:12:07.986-03:00 TRACE 18132 --- [EmbarcaderoApp] [http-nio-8080-exec-7] o.s.s.w.a.AnonymousAuthenticationFilter  : Set SecurityContextHolder to AnonymousAuthenticationToken [Principal=anonymousUser, Credentials=[PROTECTED], Authenticated=true, Details=WebAuthenticationDetails [RemoteIpAddress=0:0:0:0:0:0:0:1, SessionId=null], Granted Authorities=[ROLE_ANONYMOUS]]
2024-01-29T16:12:07.987-03:00 TRACE 18132 --- [EmbarcaderoApp] [http-nio-8080-exec-7] o.s.security.web.FilterChainProxy        : Invoking ExceptionTranslationFilter (11/12)
2024-01-29T16:12:07.987-03:00 TRACE 18132 --- [EmbarcaderoApp] [http-nio-8080-exec-7] o.s.security.web.FilterChainProxy        : Invoking AuthorizationFilter (12/12)
2024-01-29T16:12:07.990-03:00 TRACE 18132 --- [EmbarcaderoApp] [http-nio-8080-exec-7] estMatcherDelegatingAuthorizationManager : Authorizing SecurityContextHolderAwareRequestWrapper[ FirewalledRequest[ org.apache.catalina.connector.RequestFacade@7f53ab54]]
2024-01-29T16:12:07.999-03:00 TRACE 18132 --- [EmbarcaderoApp] [http-nio-8080-exec-7] estMatcherDelegatingAuthorizationManager : Checking authorization on SecurityContextHolderAwareRequestWrapper[ FirewalledRequest[ org.apache.catalina.connector.RequestFacade@7f53ab54]] using org.springframework.security.config.annotation.web.configurers.AuthorizeHttpRequestsConfigurer$$Lambda$1472/0x0000000801940ce8@99ece3f
2024-01-29T16:12:08.001-03:00 DEBUG 18132 --- [EmbarcaderoApp] [http-nio-8080-exec-7] o.s.security.web.FilterChainProxy        : Secured GET /matriculas/
2024-01-29T16:12:08.098-03:00 DEBUG 18132 --- [EmbarcaderoApp] [http-nio-8080-exec-7] horizationManagerBeforeMethodInterceptor : Authorizing method invocation ReflectiveMethodInvocation: public org.springframework.http.ResponseEntity com.Embarcadero.demo.controllers.MatriculaController.showAll(java.lang.String,java.lang.Integer,java.lang.Integer,java.lang.String); target is of class [com.Embarcadero.demo.controllers.MatriculaController]
2024-01-29T16:12:08.108-03:00 DEBUG 18132 --- [EmbarcaderoApp] [http-nio-8080-exec-7] horizationManagerBeforeMethodInterceptor : Authorized method invocation ReflectiveMethodInvocation: public org.springframework.http.ResponseEntity com.Embarcadero.demo.controllers.MatriculaController.showAll(java.lang.String,java.lang.Integer,java.lang.Integer,java.lang.String); target is of class [com.Embarcadero.demo.controllers.MatriculaController]
2024-01-29T16:12:08.311-03:00  WARN 18132 --- [EmbarcaderoApp] [http-nio-8080-exec-7] .m.m.a.ExceptionHandlerExceptionResolver : Resolved [org.springframework.http.converter.HttpMessageNotWritableException: Could not write JSON: Infinite recursion (StackOverflowError)]
2024-01-29T16:14:15.516-03:00  INFO 18132 --- [EmbarcaderoApp] [SpringApplicationShutdownHook] j.LocalContainerEntityManagerFactoryBean : Closing JPA EntityManagerFactory for persistence unit 'default'
2024-01-29T16:14:15.607-03:00  INFO 18132 --- [EmbarcaderoApp] [SpringApplicationShutdownHook] com.zaxxer.hikari.HikariDataSource       : HikariPool-1 - Shutdown initiated...
2024-01-29T16:14:15.636-03:00  INFO 18132 --- [EmbarcaderoApp] [SpringApplicationShutdownHook] com.zaxxer.hikari.HikariDataSource       : HikariPool-1 - Shutdown completed.
2024-01-29T16:14:29.413-03:00  INFO 3012 --- [EmbarcaderoApp] [restartedMain] c.E.demo.EmbarcaderoAppApplication       : Starting EmbarcaderoAppApplication using Java 19.0.1 with PID 3012 (D:\Programacion\PERSONAL\JAVA\EmbarcaderoApp\target\classes started by DavidC in D:\Programacion\PERSONAL\JAVA\EmbarcaderoApp)
2024-01-29T16:14:29.448-03:00  INFO 3012 --- [EmbarcaderoApp] [restartedMain] c.E.demo.EmbarcaderoAppApplication       : No active profile set, falling back to 1 default profile: "default"
2024-01-29T16:14:29.499-03:00  INFO 3012 --- [EmbarcaderoApp] [restartedMain] .e.DevToolsPropertyDefaultsPostProcessor : Devtools property defaults active! Set 'spring.devtools.add-properties' to 'false' to disable
2024-01-29T16:14:29.499-03:00  INFO 3012 --- [EmbarcaderoApp] [restartedMain] .e.DevToolsPropertyDefaultsPostProcessor : For additional web related logging consider setting the 'logging.level.web' property to 'DEBUG'
2024-01-29T16:14:30.776-03:00  INFO 3012 --- [EmbarcaderoApp] [restartedMain] .s.d.r.c.RepositoryConfigurationDelegate : Bootstrapping Spring Data JPA repositories in DEFAULT mode.
2024-01-29T16:14:30.860-03:00  INFO 3012 --- [EmbarcaderoApp] [restartedMain] .s.d.r.c.RepositoryConfigurationDelegate : Finished Spring Data repository scanning in 69 ms. Found 2 JPA repository interfaces.
2024-01-29T16:14:31.616-03:00  INFO 3012 --- [EmbarcaderoApp] [restartedMain] o.s.b.w.embedded.tomcat.TomcatWebServer  : Tomcat initialized with port 8080 (http)
2024-01-29T16:14:31.630-03:00  INFO 3012 --- [EmbarcaderoApp] [restartedMain] o.apache.catalina.core.StandardService   : Starting service [Tomcat]
2024-01-29T16:14:31.631-03:00  INFO 3012 --- [EmbarcaderoApp] [restartedMain] o.apache.catalina.core.StandardEngine    : Starting Servlet engine: [Apache Tomcat/10.1.18]
2024-01-29T16:14:31.690-03:00  INFO 3012 --- [EmbarcaderoApp] [restartedMain] o.a.c.c.C.[Tomcat].[localhost].[/]       : Initializing Spring embedded WebApplicationContext
2024-01-29T16:14:31.690-03:00  INFO 3012 --- [EmbarcaderoApp] [restartedMain] w.s.c.ServletWebServerApplicationContext : Root WebApplicationContext: initialization completed in 2166 ms
2024-01-29T16:14:31.721-03:00  INFO 3012 --- [EmbarcaderoApp] [restartedMain] com.zaxxer.hikari.HikariDataSource       : HikariPool-1 - Starting...
2024-01-29T16:14:32.000-03:00  INFO 3012 --- [EmbarcaderoApp] [restartedMain] com.zaxxer.hikari.pool.HikariPool        : HikariPool-1 - Added connection org.postgresql.jdbc.PgConnection@3617465c
2024-01-29T16:14:32.002-03:00  INFO 3012 --- [EmbarcaderoApp] [restartedMain] com.zaxxer.hikari.HikariDataSource       : HikariPool-1 - Start completed.
2024-01-29T16:14:32.015-03:00  INFO 3012 --- [EmbarcaderoApp] [restartedMain] o.s.b.a.h2.H2ConsoleAutoConfiguration    : H2 console available at '/h2-console'. Database available at 'jdbc:postgresql://localhost:5432/embarcadero-app'
2024-01-29T16:14:32.240-03:00  INFO 3012 --- [EmbarcaderoApp] [restartedMain] o.hibernate.jpa.internal.util.LogHelper  : HHH000204: Processing PersistenceUnitInfo [name: default]
2024-01-29T16:14:32.319-03:00  INFO 3012 --- [EmbarcaderoApp] [restartedMain] org.hibernate.Version                    : HHH000412: Hibernate ORM core version 6.4.1.Final
2024-01-29T16:14:32.381-03:00  INFO 3012 --- [EmbarcaderoApp] [restartedMain] o.h.c.internal.RegionFactoryInitiator    : HHH000026: Second-level cache disabled
2024-01-29T16:14:32.694-03:00  INFO 3012 --- [EmbarcaderoApp] [restartedMain] o.s.o.j.p.SpringPersistenceUnitInfo      : No LoadTimeWeaver setup: ignoring JPA class transformer
2024-01-29T16:14:32.744-03:00  WARN 3012 --- [EmbarcaderoApp] [restartedMain] org.hibernate.orm.deprecation            : HHH90000025: PostgreSQLDialect does not need to be specified explicitly using 'hibernate.dialect' (remove the property setting and it will be selected by default)
2024-01-29T16:14:33.649-03:00  INFO 3012 --- [EmbarcaderoApp] [restartedMain] o.h.e.t.j.p.i.JtaPlatformInitiator       : HHH000489: No JTA platform available (set 'hibernate.transaction.jta.platform' to enable JTA platform integration)
2024-01-29T16:14:33.748-03:00  INFO 3012 --- [EmbarcaderoApp] [restartedMain] j.LocalContainerEntityManagerFactoryBean : Initialized JPA EntityManagerFactory for persistence unit 'default'
2024-01-29T16:14:34.154-03:00 TRACE 3012 --- [EmbarcaderoApp] [restartedMain] eGlobalAuthenticationAutowiredConfigurer : Eagerly initializing {securityConfig=com.Embarcadero.demo.config.SecurityConfig$$SpringCGLIB$$0@646e0f2a}
2024-01-29T16:14:34.345-03:00  WARN 3012 --- [EmbarcaderoApp] [restartedMain] JpaBaseConfiguration$JpaWebConfiguration : spring.jpa.open-in-view is enabled by default. Therefore, database queries may be performed during view rendering. Explicitly configure spring.jpa.open-in-view to disable this warning
2024-01-29T16:14:34.665-03:00  INFO 3012 --- [EmbarcaderoApp] [restartedMain] o.s.s.web.DefaultSecurityFilterChain     : Will secure any request with [org.springframework.security.web.session.DisableEncodeUrlFilter@974f8, org.springframework.security.web.context.request.async.WebAsyncManagerIntegrationFilter@3951ac99, org.springframework.security.web.context.SecurityContextHolderFilter@3b20d653, org.springframework.web.filter.CorsFilter@1ed63b43, org.springframework.security.web.authentication.logout.LogoutFilter@50e29cec, com.Embarcadero.demo.auth.jwt.JwtAuthenticationFilter@1dcfcca4, org.springframework.security.web.savedrequest.RequestCacheAwareFilter@9f497d1, org.springframework.security.web.servletapi.SecurityContextHolderAwareRequestFilter@517439b9, org.springframework.security.web.authentication.AnonymousAuthenticationFilter@40dfef26, org.springframework.security.web.session.SessionManagementFilter@7e89694a, org.springframework.security.web.access.ExceptionTranslationFilter@46ddc59a, org.springframework.security.web.access.intercept.AuthorizationFilter@162630c0]
2024-01-29T16:14:35.295-03:00  INFO 3012 --- [EmbarcaderoApp] [restartedMain] o.s.b.d.a.OptionalLiveReloadServer       : LiveReload server is running on port 35729
2024-01-29T16:14:35.334-03:00  INFO 3012 --- [EmbarcaderoApp] [restartedMain] o.s.b.w.embedded.tomcat.TomcatWebServer  : Tomcat started on port 8080 (http) with context path ''
2024-01-29T16:14:35.347-03:00  INFO 3012 --- [EmbarcaderoApp] [restartedMain] c.E.demo.EmbarcaderoAppApplication       : Started EmbarcaderoAppApplication in 6.381 seconds (process running for 7.931)
2024-01-29T16:14:42.797-03:00  INFO 3012 --- [EmbarcaderoApp] [http-nio-8080-exec-2] o.a.c.c.C.[Tomcat].[localhost].[/]       : Initializing Spring DispatcherServlet 'dispatcherServlet'
2024-01-29T16:14:42.798-03:00  INFO 3012 --- [EmbarcaderoApp] [http-nio-8080-exec-2] o.s.web.servlet.DispatcherServlet        : Initializing Servlet 'dispatcherServlet'
2024-01-29T16:14:42.799-03:00  INFO 3012 --- [EmbarcaderoApp] [http-nio-8080-exec-2] o.s.web.servlet.DispatcherServlet        : Completed initialization in 1 ms
2024-01-29T16:14:42.827-03:00 TRACE 3012 --- [EmbarcaderoApp] [http-nio-8080-exec-2] o.s.security.web.FilterChainProxy        : Trying to match request against DefaultSecurityFilterChain [RequestMatcher=any request, Filters=[org.springframework.security.web.session.DisableEncodeUrlFilter@974f8, org.springframework.security.web.context.request.async.WebAsyncManagerIntegrationFilter@3951ac99, org.springframework.security.web.context.SecurityContextHolderFilter@3b20d653, org.springframework.web.filter.CorsFilter@1ed63b43, org.springframework.security.web.authentication.logout.LogoutFilter@50e29cec, com.Embarcadero.demo.auth.jwt.JwtAuthenticationFilter@1dcfcca4, org.springframework.security.web.savedrequest.RequestCacheAwareFilter@9f497d1, org.springframework.security.web.servletapi.SecurityContextHolderAwareRequestFilter@517439b9, org.springframework.security.web.authentication.AnonymousAuthenticationFilter@40dfef26, org.springframework.security.web.session.SessionManagementFilter@7e89694a, org.springframework.security.web.access.ExceptionTranslationFilter@46ddc59a, org.springframework.security.web.access.intercept.AuthorizationFilter@162630c0]] (1/1)
2024-01-29T16:14:42.827-03:00 DEBUG 3012 --- [EmbarcaderoApp] [http-nio-8080-exec-2] o.s.security.web.FilterChainProxy        : Securing GET /matriculas/
2024-01-29T16:14:42.828-03:00 TRACE 3012 --- [EmbarcaderoApp] [http-nio-8080-exec-2] o.s.security.web.FilterChainProxy        : Invoking DisableEncodeUrlFilter (1/12)
2024-01-29T16:14:42.829-03:00 TRACE 3012 --- [EmbarcaderoApp] [http-nio-8080-exec-2] o.s.security.web.FilterChainProxy        : Invoking WebAsyncManagerIntegrationFilter (2/12)
2024-01-29T16:14:42.830-03:00 TRACE 3012 --- [EmbarcaderoApp] [http-nio-8080-exec-2] o.s.security.web.FilterChainProxy        : Invoking SecurityContextHolderFilter (3/12)
2024-01-29T16:14:42.831-03:00 TRACE 3012 --- [EmbarcaderoApp] [http-nio-8080-exec-2] o.s.security.web.FilterChainProxy        : Invoking CorsFilter (4/12)
2024-01-29T16:14:42.832-03:00 TRACE 3012 --- [EmbarcaderoApp] [http-nio-8080-exec-2] o.s.security.web.FilterChainProxy        : Invoking LogoutFilter (5/12)
2024-01-29T16:14:42.832-03:00 TRACE 3012 --- [EmbarcaderoApp] [http-nio-8080-exec-2] o.s.s.w.a.logout.LogoutFilter            : Did not match request to Or [Ant [pattern='/logout', GET], Ant [pattern='/logout', POST], Ant [pattern='/logout', PUT], Ant [pattern='/logout', DELETE]]
2024-01-29T16:14:42.832-03:00 TRACE 3012 --- [EmbarcaderoApp] [http-nio-8080-exec-2] o.s.security.web.FilterChainProxy        : Invoking JwtAuthenticationFilter (6/12)
2024-01-29T16:14:42.832-03:00 TRACE 3012 --- [EmbarcaderoApp] [http-nio-8080-exec-2] o.s.security.web.FilterChainProxy        : Invoking RequestCacheAwareFilter (7/12)
2024-01-29T16:14:42.832-03:00 TRACE 3012 --- [EmbarcaderoApp] [http-nio-8080-exec-2] o.s.security.web.FilterChainProxy        : Invoking SecurityContextHolderAwareRequestFilter (8/12)
2024-01-29T16:14:42.833-03:00 TRACE 3012 --- [EmbarcaderoApp] [http-nio-8080-exec-2] o.s.security.web.FilterChainProxy        : Invoking AnonymousAuthenticationFilter (9/12)
2024-01-29T16:14:42.834-03:00 TRACE 3012 --- [EmbarcaderoApp] [http-nio-8080-exec-2] o.s.security.web.FilterChainProxy        : Invoking SessionManagementFilter (10/12)
2024-01-29T16:14:42.834-03:00 TRACE 3012 --- [EmbarcaderoApp] [http-nio-8080-exec-2] .s.s.w.c.SupplierDeferredSecurityContext : Created SecurityContextImpl [Null authentication]
2024-01-29T16:14:42.838-03:00 TRACE 3012 --- [EmbarcaderoApp] [http-nio-8080-exec-2] o.s.s.w.a.AnonymousAuthenticationFilter  : Set SecurityContextHolder to AnonymousAuthenticationToken [Principal=anonymousUser, Credentials=[PROTECTED], Authenticated=true, Details=WebAuthenticationDetails [RemoteIpAddress=0:0:0:0:0:0:0:1, SessionId=null], Granted Authorities=[ROLE_ANONYMOUS]]
2024-01-29T16:14:42.838-03:00 TRACE 3012 --- [EmbarcaderoApp] [http-nio-8080-exec-2] o.s.security.web.FilterChainProxy        : Invoking ExceptionTranslationFilter (11/12)
2024-01-29T16:14:42.838-03:00 TRACE 3012 --- [EmbarcaderoApp] [http-nio-8080-exec-2] o.s.security.web.FilterChainProxy        : Invoking AuthorizationFilter (12/12)
2024-01-29T16:14:42.839-03:00 TRACE 3012 --- [EmbarcaderoApp] [http-nio-8080-exec-2] estMatcherDelegatingAuthorizationManager : Authorizing SecurityContextHolderAwareRequestWrapper[ FirewalledRequest[ org.apache.catalina.connector.RequestFacade@23d688d5]]
2024-01-29T16:14:42.841-03:00 TRACE 3012 --- [EmbarcaderoApp] [http-nio-8080-exec-2] estMatcherDelegatingAuthorizationManager : Checking authorization on SecurityContextHolderAwareRequestWrapper[ FirewalledRequest[ org.apache.catalina.connector.RequestFacade@23d688d5]] using org.springframework.security.config.annotation.web.configurers.AuthorizeHttpRequestsConfigurer$$Lambda$1472/0x0000000801943570@66490ff
2024-01-29T16:14:42.841-03:00 DEBUG 3012 --- [EmbarcaderoApp] [http-nio-8080-exec-2] o.s.security.web.FilterChainProxy        : Secured GET /matriculas/
2024-01-29T16:14:42.875-03:00 DEBUG 3012 --- [EmbarcaderoApp] [http-nio-8080-exec-2] horizationManagerBeforeMethodInterceptor : Authorizing method invocation ReflectiveMethodInvocation: public org.springframework.http.ResponseEntity com.Embarcadero.demo.controllers.MatriculaController.showAll(java.lang.String,java.lang.Integer,java.lang.Integer,java.lang.String); target is of class [com.Embarcadero.demo.controllers.MatriculaController]
2024-01-29T16:14:42.893-03:00 DEBUG 3012 --- [EmbarcaderoApp] [http-nio-8080-exec-2] horizationManagerBeforeMethodInterceptor : Authorized method invocation ReflectiveMethodInvocation: public org.springframework.http.ResponseEntity com.Embarcadero.demo.controllers.MatriculaController.showAll(java.lang.String,java.lang.Integer,java.lang.Integer,java.lang.String); target is of class [com.Embarcadero.demo.controllers.MatriculaController]
2024-01-29T16:14:43.247-03:00  WARN 3012 --- [EmbarcaderoApp] [http-nio-8080-exec-2] .m.m.a.ExceptionHandlerExceptionResolver : Resolved [org.springframework.http.converter.HttpMessageNotWritableException: Could not write JSON: Infinite recursion (StackOverflowError)]
2024-01-29T16:15:59.903-03:00  INFO 3012 --- [EmbarcaderoApp] [SpringApplicationShutdownHook] j.LocalContainerEntityManagerFactoryBean : Closing JPA EntityManagerFactory for persistence unit 'default'
2024-01-29T16:15:59.907-03:00  INFO 3012 --- [EmbarcaderoApp] [SpringApplicationShutdownHook] com.zaxxer.hikari.HikariDataSource       : HikariPool-1 - Shutdown initiated...
2024-01-29T16:15:59.910-03:00  INFO 3012 --- [EmbarcaderoApp] [SpringApplicationShutdownHook] com.zaxxer.hikari.HikariDataSource       : HikariPool-1 - Shutdown completed.
